<?xml version="1.0" encoding="UTF-8"?>
<testng-results ignored="0" total="1" passed="1" failed="0" skipped="0">
  <reporter-output>
  </reporter-output>
  <suite started-at="2022-05-16T16:19:17 IST" name="Suite" finished-at="2022-05-16T16:19:50 IST" duration-ms="32551">
    <groups>
    </groups>
    <test started-at="2022-05-16T16:19:17 IST" name="Test" finished-at="2022-05-16T16:19:50 IST" duration-ms="32551">
      <class name="Gmail_Login_Process.NewTest">
        <test-method is-config="true" signature="beforeTest()[pri:0, instance:Gmail_Login_Process.NewTest@2ed2d9cb]" started-at="2022-05-16T16:19:17 IST" name="beforeTest" finished-at="2022-05-16T16:19:30 IST" duration-ms="12985" status="PASS">
          <reporter-output>
          </reporter-output>
        </test-method> <!-- beforeTest -->
        <test-method signature="testEasy()[pri:0, instance:Gmail_Login_Process.NewTest@2ed2d9cb]" started-at="2022-05-16T16:19:30 IST" name="testEasy" finished-at="2022-05-16T16:19:48 IST" duration-ms="18149" status="PASS">
          <reporter-output>
          </reporter-output>
        </test-method> <!-- testEasy -->
        <test-method is-config="true" signature="afterTest()[pri:0, instance:Gmail_Login_Process.NewTest@2ed2d9cb]" started-at="2022-05-16T16:19:48 IST" name="afterTest" finished-at="2022-05-16T16:19:50 IST" duration-ms="1339" status="PASS">
          <reporter-output>
          </reporter-output>
        </test-method> <!-- afterTest -->
      </class> <!-- Gmail_Login_Process.NewTest -->
    </test> <!-- Test -->
  </suite> <!-- Suite -->
</testng-results>
